<?xml version="1.0" encoding="UTF-8"?>
<!-- Generated by org.testng.reporters.JUnitXMLReporter -->
<testsuite hostname="LAPTOP-N1QJ0PMG" ignored="2" name="Attendance Test" tests="2" failures="1" timestamp="13 Feb 2023 07:59:48 GMT" time="109.035" errors="0">
  <testcase name="AttendaanceWithOutStationVisitAndWholeDay" time="53.338" classname="com.mwbtech.PagarPlusApp.AttendanceScreenTest">
    <failure type="org.openqa.selenium.NoSuchElementException" message="An element could not be located on the page using the given search parameters.
For documentation on this error, please visit: https://selenium.dev/exceptions/#no_such_element
Build info: version: &amp;apos;4.8.0&amp;apos;, revision: &amp;apos;267030adea&amp;apos;
System info: os.name: &amp;apos;Windows 10&amp;apos;, os.arch: &amp;apos;amd64&amp;apos;, os.version: &amp;apos;10.0&amp;apos;, java.version: &amp;apos;1.8.0_191&amp;apos;
Driver info: io.appium.java_client.android.AndroidDriver
Command: [29c90533-9614-45e9-9fc7-e689f5146cc7, findElement {using=id, value=com.pagarplus.app:id/logOut}]
Capabilities {appium:automationName: UIAutomator2, appium:databaseEnabled: false, appium:desired: {automationName: UIAutomator2, noReset: true, platformName: android, udid: R58N345JQXY}, appium:deviceApiLevel: 33, appium:deviceManufacturer: samsung, appium:deviceModel: SM-G985F, appium:deviceName: R58N345JQXY, appium:deviceScreenDensity: 300, appium:deviceScreenSize: 720x1600, appium:deviceUDID: R58N345JQXY, appium:javascriptEnabled: true, appium:locationContextEnabled: false, appium:networkConnectionEnabled: true, appium:noReset: true, appium:pixelRatio: 1.875, appium:platformVersion: 13, appium:statBarHeight: 49, appium:takesScreenshot: true, appium:udid: R58N345JQXY, appium:viewportRect: {height: 1474, left: 0, top: 49, width: 720}, appium:warnings: {}, appium:webStorageEnabled: false, platformName: ANDROID}
Session ID: 29c90533-9614-45e9-9fc7-e689f5146cc7">
      <![CDATA[org.openqa.selenium.NoSuchElementException: An element could not be located on the page using the given search parameters.
For documentation on this error, please visit: https://selenium.dev/exceptions/#no_such_element
Build info: version: '4.8.0', revision: '267030adea'
System info: os.name: 'Windows 10', os.arch: 'amd64', os.version: '10.0', java.version: '1.8.0_191'
Driver info: io.appium.java_client.android.AndroidDriver
Command: [29c90533-9614-45e9-9fc7-e689f5146cc7, findElement {using=id, value=com.pagarplus.app:id/logOut}]
Capabilities {appium:automationName: UIAutomator2, appium:databaseEnabled: false, appium:desired: {automationName: UIAutomator2, noReset: true, platformName: android, udid: R58N345JQXY}, appium:deviceApiLevel: 33, appium:deviceManufacturer: samsung, appium:deviceModel: SM-G985F, appium:deviceName: R58N345JQXY, appium:deviceScreenDensity: 300, appium:deviceScreenSize: 720x1600, appium:deviceUDID: R58N345JQXY, appium:javascriptEnabled: true, appium:locationContextEnabled: false, appium:networkConnectionEnabled: true, appium:noReset: true, appium:pixelRatio: 1.875, appium:platformVersion: 13, appium:statBarHeight: 49, appium:takesScreenshot: true, appium:udid: R58N345JQXY, appium:viewportRect: {height: 1474, left: 0, top: 49, width: 720}, appium:warnings: {}, appium:webStorageEnabled: false, platformName: ANDROID}
Session ID: 29c90533-9614-45e9-9fc7-e689f5146cc7
at org.openqa.selenium.remote.codec.w3c.W3CHttpResponseCodec.createException(W3CHttpResponseCodec.java:200)
at org.openqa.selenium.remote.codec.w3c.W3CHttpResponseCodec.decode(W3CHttpResponseCodec.java:133)
at org.openqa.selenium.remote.codec.w3c.W3CHttpResponseCodec.decode(W3CHttpResponseCodec.java:53)
at org.openqa.selenium.remote.HttpCommandExecutor.execute(HttpCommandExecutor.java:184)
at io.appium.java_client.remote.AppiumCommandExecutor.execute(AppiumCommandExecutor.java:262)
at org.openqa.selenium.remote.RemoteWebDriver.execute(RemoteWebDriver.java:543)
at org.openqa.selenium.remote.ElementLocation$ElementFinder$2.findElement(ElementLocation.java:162)
at org.openqa.selenium.remote.ElementLocation.findElement(ElementLocation.java:60)
at org.openqa.selenium.remote.RemoteWebDriver.findElement(RemoteWebDriver.java:352)
at org.openqa.selenium.remote.RemoteWebDriver.findElement(RemoteWebDriver.java:344)
at com.mwbtech.PagarPlusApp.BaseTest.doLogout(BaseTest.java:69)
at com.mwbtech.PagarPlusApp.AttendanceScreenTest.AttendaanceWithOutStationVisitAndWholeDay(AttendanceScreenTest.java:57)
... Removed 29 stack frames]]>
    </failure>
  </testcase> <!-- AttendaanceWithOutStationVisitAndWholeDay -->
  <testcase name="AttendaanceWithOutstationVisitAndSecondHalf" time="34.149" classname="com.mwbtech.PagarPlusApp.AttendanceScreenTest"/>
  <testcase name="AttendaanceWithBranchVisitAndFirstHalf" time="0.0" classname="com.mwbtech.PagarPlusApp.AttendanceScreenTest">
    <ignored/>
  </testcase> <!-- AttendaanceWithBranchVisitAndFirstHalf -->
  <testcase name="AttendaanceWithOutstationVisitAndWholeDay" time="0.0" classname="com.mwbtech.PagarPlusApp.AttendanceScreenTest">
    <ignored/>
  </testcase> <!-- AttendaanceWithOutstationVisitAndWholeDay -->
</testsuite> <!-- Attendance Test -->
